This file contains any messages produced by compilers while
running configure, to aid debugging if configure makes a mistake.

It was created by intel_driver configure 0.0.1, which was
generated by GNU Autoconf 2.69.  Invocation command line was

  $ ./configure 

## --------- ##
## Platform. ##
## --------- ##

hostname = midhun-chromebook
uname -m = x86_64
uname -r = 3.13.0-24-generic
uname -s = Linux
uname -v = #47-Ubuntu SMP Fri May 2 23:30:00 UTC 2014

/usr/bin/uname -p = unknown
/bin/uname -X     = unknown

/bin/arch              = unknown
/usr/bin/arch -k       = unknown
/usr/convex/getsysinfo = unknown
/usr/bin/hostinfo      = unknown
/bin/machine           = unknown
/usr/bin/oslevel       = unknown
/bin/universe          = unknown

PATH: /usr/local/sbin
PATH: /usr/local/bin
PATH: /usr/sbin
PATH: /usr/bin
PATH: /sbin
PATH: /bin


## ----------- ##
## Core tests. ##
## ----------- ##

configure:2356: checking for a BSD-compatible install
configure:2424: result: /usr/bin/install -c
configure:2435: checking whether build environment is sane
configure:2490: result: yes
configure:2641: checking for a thread-safe mkdir -p
configure:2680: result: /bin/mkdir -p
configure:2687: checking for gawk
configure:2717: result: no
configure:2687: checking for mawk
configure:2703: found /usr/bin/mawk
configure:2714: result: mawk
configure:2725: checking whether make sets $(MAKE)
configure:2747: result: yes
configure:2776: checking whether make supports nested variables
configure:2793: result: yes
configure:2882: checking whether UID '0' is supported by ustar format
configure:2885: result: yes
configure:2892: checking whether GID '0' is supported by ustar format
configure:2895: result: yes
configure:2903: checking how to create a ustar tar archive
configure:2914: tar --version
tar (GNU tar) 1.27.1
Copyright (C) 2013 Free Software Foundation, Inc.
License GPLv3+: GNU GPL version 3 or later <http://gnu.org/licenses/gpl.html>.
This is free software: you are free to change and redistribute it.
There is NO WARRANTY, to the extent permitted by law.

Written by John Gilmore and Jay Fenlason.
configure:2917: $? = 0
configure:2957: tardir=conftest.dir && eval tar --format=ustar -chf - "$tardir" >conftest.tar
configure:2960: $? = 0
configure:2964: tar -xf - <conftest.tar
configure:2967: $? = 0
configure:2969: cat conftest.dir/file
GrepMe
configure:2972: $? = 0
configure:2985: result: gnutar
configure:3068: checking whether make supports nested variables
configure:3085: result: yes
configure:3181: checking build system type
configure:3195: result: x86_64-unknown-linux-gnu
configure:3215: checking host system type
configure:3228: result: x86_64-unknown-linux-gnu
configure:3269: checking how to print strings
configure:3296: result: printf
configure:3329: checking for style of include used by make
configure:3357: result: GNU
configure:3428: checking for gcc
configure:3444: found /usr/bin/gcc
configure:3455: result: gcc
configure:3684: checking for C compiler version
configure:3693: gcc --version >&5
gcc (Ubuntu 4.8.2-19ubuntu1) 4.8.2
Copyright (C) 2013 Free Software Foundation, Inc.
This is free software; see the source for copying conditions.  There is NO
warranty; not even for MERCHANTABILITY or FITNESS FOR A PARTICULAR PURPOSE.

configure:3704: $? = 0
configure:3693: gcc -v >&5
Using built-in specs.
COLLECT_GCC=gcc
COLLECT_LTO_WRAPPER=/usr/lib/gcc/x86_64-linux-gnu/4.8/lto-wrapper
Target: x86_64-linux-gnu
Configured with: ../src/configure -v --with-pkgversion='Ubuntu 4.8.2-19ubuntu1' --with-bugurl=file:///usr/share/doc/gcc-4.8/README.Bugs --enable-languages=c,c++,java,go,d,fortran,objc,obj-c++ --prefix=/usr --program-suffix=-4.8 --enable-shared --enable-linker-build-id --libexecdir=/usr/lib --without-included-gettext --enable-threads=posix --with-gxx-include-dir=/usr/include/c++/4.8 --libdir=/usr/lib --enable-nls --with-sysroot=/ --enable-clocale=gnu --enable-libstdcxx-debug --enable-libstdcxx-time=yes --enable-gnu-unique-object --disable-libmudflap --enable-plugin --with-system-zlib --disable-browser-plugin --enable-java-awt=gtk --enable-gtk-cairo --with-java-home=/usr/lib/jvm/java-1.5.0-gcj-4.8-amd64/jre --enable-java-home --with-jvm-root-dir=/usr/lib/jvm/java-1.5.0-gcj-4.8-amd64 --with-jvm-jar-dir=/usr/lib/jvm-exports/java-1.5.0-gcj-4.8-amd64 --with-arch-directory=amd64 --with-ecj-jar=/usr/share/java/eclipse-ecj.jar --enable-objc-gc --enable-multiarch --disable-werror --with-arch-32=i686 --with-abi=m64 --with-multilib-list=m32,m64,mx32 --with-tune=generic --enable-checking=release --build=x86_64-linux-gnu --host=x86_64-linux-gnu --target=x86_64-linux-gnu
Thread model: posix
gcc version 4.8.2 (Ubuntu 4.8.2-19ubuntu1) 
configure:3704: $? = 0
configure:3693: gcc -V >&5
gcc: error: unrecognized command line option '-V'
gcc: fatal error: no input files
compilation terminated.
configure:3704: $? = 4
configure:3693: gcc -qversion >&5
gcc: error: unrecognized command line option '-qversion'
gcc: fatal error: no input files
compilation terminated.
configure:3704: $? = 4
configure:3724: checking whether the C compiler works
configure:3746: gcc    conftest.c  >&5
configure:3750: $? = 0
configure:3798: result: yes
configure:3801: checking for C compiler default output file name
configure:3803: result: a.out
configure:3809: checking for suffix of executables
configure:3816: gcc -o conftest    conftest.c  >&5
configure:3820: $? = 0
configure:3842: result: 
configure:3864: checking whether we are cross compiling
configure:3872: gcc -o conftest    conftest.c  >&5
configure:3876: $? = 0
configure:3883: ./conftest
configure:3887: $? = 0
configure:3902: result: no
configure:3907: checking for suffix of object files
configure:3929: gcc -c   conftest.c >&5
configure:3933: $? = 0
configure:3954: result: o
configure:3958: checking whether we are using the GNU C compiler
configure:3977: gcc -c   conftest.c >&5
configure:3977: $? = 0
configure:3986: result: yes
configure:3995: checking whether gcc accepts -g
configure:4015: gcc -c -g  conftest.c >&5
configure:4015: $? = 0
configure:4056: result: yes
configure:4073: checking for gcc option to accept ISO C89
configure:4136: gcc  -c -g -O2  conftest.c >&5
configure:4136: $? = 0
configure:4149: result: none needed
configure:4174: checking whether gcc understands -c and -o together
configure:4196: gcc -c conftest.c -o conftest2.o
configure:4199: $? = 0
configure:4196: gcc -c conftest.c -o conftest2.o
configure:4199: $? = 0
configure:4211: result: yes
configure:4230: checking dependency style of gcc
configure:4341: result: gcc3
configure:4356: checking for a sed that does not truncate output
configure:4420: result: /bin/sed
configure:4438: checking for grep that handles long lines and -e
configure:4496: result: /bin/grep
configure:4501: checking for egrep
configure:4563: result: /bin/grep -E
configure:4568: checking for fgrep
configure:4630: result: /bin/grep -F
configure:4665: checking for ld used by gcc
configure:4732: result: /usr/bin/ld
configure:4739: checking if the linker (/usr/bin/ld) is GNU ld
configure:4754: result: yes
configure:4766: checking for BSD- or MS-compatible name lister (nm)
configure:4815: result: /usr/bin/nm -B
configure:4945: checking the name lister (/usr/bin/nm -B) interface
configure:4952: gcc -c -g -O2  conftest.c >&5
configure:4955: /usr/bin/nm -B "conftest.o"
configure:4958: output
0000000000000000 B some_variable
configure:4965: result: BSD nm
configure:4968: checking whether ln -s works
configure:4972: result: yes
configure:4980: checking the maximum length of command line arguments
configure:5111: result: 1572864
configure:5128: checking whether the shell understands some XSI constructs
configure:5138: result: yes
configure:5142: checking whether the shell understands "+="
configure:5148: result: yes
configure:5183: checking how to convert x86_64-unknown-linux-gnu file names to x86_64-unknown-linux-gnu format
configure:5223: result: func_convert_file_noop
configure:5230: checking how to convert x86_64-unknown-linux-gnu file names to toolchain format
configure:5250: result: func_convert_file_noop
configure:5257: checking for /usr/bin/ld option to reload object files
configure:5264: result: -r
configure:5338: checking for objdump
configure:5354: found /usr/bin/objdump
configure:5365: result: objdump
configure:5397: checking how to recognize dependent libraries
configure:5595: result: pass_all
configure:5680: checking for dlltool
configure:5710: result: no
configure:5740: checking how to associate runtime and link libraries
configure:5767: result: printf %s\n
configure:5828: checking for ar
configure:5844: found /usr/bin/ar
configure:5855: result: ar
configure:5892: checking for archiver @FILE support
configure:5909: gcc -c -g -O2  conftest.c >&5
configure:5909: $? = 0
configure:5912: ar cru libconftest.a @conftest.lst >&5
configure:5915: $? = 0
configure:5920: ar cru libconftest.a @conftest.lst >&5
ar: conftest.o: No such file or directory
configure:5923: $? = 1
configure:5935: result: @
configure:5993: checking for strip
configure:6009: found /usr/bin/strip
configure:6020: result: strip
configure:6092: checking for ranlib
configure:6108: found /usr/bin/ranlib
configure:6119: result: ranlib
configure:6221: checking command to parse /usr/bin/nm -B output from gcc object
configure:6341: gcc -c -g -O2  conftest.c >&5
configure:6344: $? = 0
configure:6348: /usr/bin/nm -B conftest.o \| sed -n -e 's/^.*[ ]\([ABCDGIRSTW][ABCDGIRSTW]*\)[ ][ ]*\([_A-Za-z][_A-Za-z0-9]*\)$/\1 \2 \2/p' | sed '/ __gnu_lto/d' \> conftest.nm
configure:6351: $? = 0
configure:6417: gcc -o conftest -g -O2   conftest.c conftstm.o >&5
configure:6420: $? = 0
configure:6458: result: ok
configure:6495: checking for sysroot
configure:6525: result: no
configure:6602: gcc -c -g -O2  conftest.c >&5
configure:6605: $? = 0
configure:6794: checking for mt
configure:6810: found /bin/mt
configure:6821: result: mt
configure:6844: checking if mt is a manifest tool
configure:6850: mt '-?'
configure:6858: result: no
configure:7500: checking how to run the C preprocessor
configure:7531: gcc -E  conftest.c
configure:7531: $? = 0
configure:7545: gcc -E  conftest.c
conftest.c:15:28: fatal error: ac_nonexistent.h: No such file or directory
 #include <ac_nonexistent.h>
                            ^
compilation terminated.
configure:7545: $? = 1
configure: failed program was:
| /* confdefs.h */
| #define PACKAGE_NAME "intel_driver"
| #define PACKAGE_TARNAME "libva-intel-driver"
| #define PACKAGE_VERSION "0.0.1"
| #define PACKAGE_STRING "intel_driver 0.0.1"
| #define PACKAGE_BUGREPORT "midhunchandra.kodiyath@intel.com"
| #define PACKAGE_URL ""
| #define PACKAGE "libva-intel-driver"
| #define VERSION "0.0.1"
| #define INTEL_DRIVER_MAJOR_VERSION 0
| #define INTEL_DRIVER_MINOR_VERSION 0
| #define INTEL_DRIVER_MICRO_VERSION 1
| #define INTEL_DRIVER_PRE_VERSION 0
| /* end confdefs.h.  */
| #include <ac_nonexistent.h>
configure:7570: result: gcc -E
configure:7590: gcc -E  conftest.c
configure:7590: $? = 0
configure:7604: gcc -E  conftest.c
conftest.c:15:28: fatal error: ac_nonexistent.h: No such file or directory
 #include <ac_nonexistent.h>
                            ^
compilation terminated.
configure:7604: $? = 1
configure: failed program was:
| /* confdefs.h */
| #define PACKAGE_NAME "intel_driver"
| #define PACKAGE_TARNAME "libva-intel-driver"
| #define PACKAGE_VERSION "0.0.1"
| #define PACKAGE_STRING "intel_driver 0.0.1"
| #define PACKAGE_BUGREPORT "midhunchandra.kodiyath@intel.com"
| #define PACKAGE_URL ""
| #define PACKAGE "libva-intel-driver"
| #define VERSION "0.0.1"
| #define INTEL_DRIVER_MAJOR_VERSION 0
| #define INTEL_DRIVER_MINOR_VERSION 0
| #define INTEL_DRIVER_MICRO_VERSION 1
| #define INTEL_DRIVER_PRE_VERSION 0
| /* end confdefs.h.  */
| #include <ac_nonexistent.h>
configure:7633: checking for ANSI C header files
configure:7653: gcc -c -g -O2  conftest.c >&5
configure:7653: $? = 0
configure:7726: gcc -o conftest -g -O2   conftest.c  >&5
configure:7726: $? = 0
configure:7726: ./conftest
configure:7726: $? = 0
configure:7737: result: yes
configure:7750: checking for sys/types.h
configure:7750: gcc -c -g -O2  conftest.c >&5
configure:7750: $? = 0
configure:7750: result: yes
configure:7750: checking for sys/stat.h
configure:7750: gcc -c -g -O2  conftest.c >&5
configure:7750: $? = 0
configure:7750: result: yes
configure:7750: checking for stdlib.h
configure:7750: gcc -c -g -O2  conftest.c >&5
configure:7750: $? = 0
configure:7750: result: yes
configure:7750: checking for string.h
configure:7750: gcc -c -g -O2  conftest.c >&5
configure:7750: $? = 0
configure:7750: result: yes
configure:7750: checking for memory.h
configure:7750: gcc -c -g -O2  conftest.c >&5
configure:7750: $? = 0
configure:7750: result: yes
configure:7750: checking for strings.h
configure:7750: gcc -c -g -O2  conftest.c >&5
configure:7750: $? = 0
configure:7750: result: yes
configure:7750: checking for inttypes.h
configure:7750: gcc -c -g -O2  conftest.c >&5
configure:7750: $? = 0
configure:7750: result: yes
configure:7750: checking for stdint.h
configure:7750: gcc -c -g -O2  conftest.c >&5
configure:7750: $? = 0
configure:7750: result: yes
configure:7750: checking for unistd.h
configure:7750: gcc -c -g -O2  conftest.c >&5
configure:7750: $? = 0
configure:7750: result: yes
configure:7764: checking for dlfcn.h
configure:7764: gcc -c -g -O2  conftest.c >&5
configure:7764: $? = 0
configure:7764: result: yes
configure:7940: checking for objdir
configure:7955: result: .libs
configure:8222: checking if gcc supports -fno-rtti -fno-exceptions
configure:8240: gcc -c -g -O2  -fno-rtti -fno-exceptions conftest.c >&5
cc1: warning: command line option '-fno-rtti' is valid for C++/ObjC++ but not for C [enabled by default]
configure:8244: $? = 0
configure:8257: result: no
configure:8584: checking for gcc option to produce PIC
configure:8591: result: -fPIC -DPIC
configure:8599: checking if gcc PIC flag -fPIC -DPIC works
configure:8617: gcc -c -g -O2  -fPIC -DPIC -DPIC conftest.c >&5
configure:8621: $? = 0
configure:8634: result: yes
configure:8663: checking if gcc static flag -static works
configure:8691: result: yes
configure:8706: checking if gcc supports -c -o file.o
configure:8727: gcc -c -g -O2  -o out/conftest2.o conftest.c >&5
configure:8731: $? = 0
configure:8753: result: yes
configure:8761: checking if gcc supports -c -o file.o
configure:8808: result: yes
configure:8841: checking whether the gcc linker (/usr/bin/ld -m elf_x86_64) supports shared libraries
configure:9998: result: yes
configure:10035: checking whether -lc should be explicitly linked in
configure:10043: gcc -c -g -O2  conftest.c >&5
configure:10046: $? = 0
configure:10061: gcc -shared  -fPIC -DPIC conftest.o  -v -Wl,-soname -Wl,conftest -o conftest 2\>\&1 \| /bin/grep  -lc  \>/dev/null 2\>\&1
configure:10064: $? = 0
configure:10078: result: no
configure:10238: checking dynamic linker characteristics
configure:10738: gcc -o conftest -g -O2   -Wl,-rpath -Wl,/foo conftest.c  >&5
configure:10738: $? = 0
configure:10972: result: GNU/Linux ld.so
configure:11079: checking how to hardcode library paths into programs
configure:11104: result: immediate
configure:11644: checking whether stripping libraries is possible
configure:11649: result: yes
configure:11684: checking if libtool supports shared libraries
configure:11686: result: yes
configure:11689: checking whether to build shared libraries
configure:11710: result: yes
configure:11713: checking whether to build static libraries
configure:11717: result: no
configure:11802: checking for gcc
configure:11829: result: gcc
configure:12058: checking for C compiler version
configure:12067: gcc --version >&5
gcc (Ubuntu 4.8.2-19ubuntu1) 4.8.2
Copyright (C) 2013 Free Software Foundation, Inc.
This is free software; see the source for copying conditions.  There is NO
warranty; not even for MERCHANTABILITY or FITNESS FOR A PARTICULAR PURPOSE.

configure:12078: $? = 0
configure:12067: gcc -v >&5
Using built-in specs.
COLLECT_GCC=gcc
COLLECT_LTO_WRAPPER=/usr/lib/gcc/x86_64-linux-gnu/4.8/lto-wrapper
Target: x86_64-linux-gnu
Configured with: ../src/configure -v --with-pkgversion='Ubuntu 4.8.2-19ubuntu1' --with-bugurl=file:///usr/share/doc/gcc-4.8/README.Bugs --enable-languages=c,c++,java,go,d,fortran,objc,obj-c++ --prefix=/usr --program-suffix=-4.8 --enable-shared --enable-linker-build-id --libexecdir=/usr/lib --without-included-gettext --enable-threads=posix --with-gxx-include-dir=/usr/include/c++/4.8 --libdir=/usr/lib --enable-nls --with-sysroot=/ --enable-clocale=gnu --enable-libstdcxx-debug --enable-libstdcxx-time=yes --enable-gnu-unique-object --disable-libmudflap --enable-plugin --with-system-zlib --disable-browser-plugin --enable-java-awt=gtk --enable-gtk-cairo --with-java-home=/usr/lib/jvm/java-1.5.0-gcj-4.8-amd64/jre --enable-java-home --with-jvm-root-dir=/usr/lib/jvm/java-1.5.0-gcj-4.8-amd64 --with-jvm-jar-dir=/usr/lib/jvm-exports/java-1.5.0-gcj-4.8-amd64 --with-arch-directory=amd64 --with-ecj-jar=/usr/share/java/eclipse-ecj.jar --enable-objc-gc --enable-multiarch --disable-werror --with-arch-32=i686 --with-abi=m64 --with-multilib-list=m32,m64,mx32 --with-tune=generic --enable-checking=release --build=x86_64-linux-gnu --host=x86_64-linux-gnu --target=x86_64-linux-gnu
Thread model: posix
gcc version 4.8.2 (Ubuntu 4.8.2-19ubuntu1) 
configure:12078: $? = 0
configure:12067: gcc -V >&5
gcc: error: unrecognized command line option '-V'
gcc: fatal error: no input files
compilation terminated.
configure:12078: $? = 4
configure:12067: gcc -qversion >&5
gcc: error: unrecognized command line option '-qversion'
gcc: fatal error: no input files
compilation terminated.
configure:12078: $? = 4
configure:12082: checking whether we are using the GNU C compiler
configure:12110: result: yes
configure:12119: checking whether gcc accepts -g
configure:12180: result: yes
configure:12197: checking for gcc option to accept ISO C89
configure:12273: result: none needed
configure:12298: checking whether gcc understands -c and -o together
configure:12335: result: yes
configure:12354: checking dependency style of gcc
configure:12465: result: gcc3
configure:12482: checking whether byte ordering is bigendian
configure:12497: gcc -c -g -O2  conftest.c >&5
conftest.c:28:9: error: unknown type name 'not'
         not a universal capable compiler
         ^
conftest.c:28:15: error: expected '=', ',', ';', 'asm' or '__attribute__' before 'universal'
         not a universal capable compiler
               ^
conftest.c:28:15: error: unknown type name 'universal'
configure:12497: $? = 1
configure: failed program was:
| /* confdefs.h */
| #define PACKAGE_NAME "intel_driver"
| #define PACKAGE_TARNAME "libva-intel-driver"
| #define PACKAGE_VERSION "0.0.1"
| #define PACKAGE_STRING "intel_driver 0.0.1"
| #define PACKAGE_BUGREPORT "midhunchandra.kodiyath@intel.com"
| #define PACKAGE_URL ""
| #define PACKAGE "libva-intel-driver"
| #define VERSION "0.0.1"
| #define INTEL_DRIVER_MAJOR_VERSION 0
| #define INTEL_DRIVER_MINOR_VERSION 0
| #define INTEL_DRIVER_MICRO_VERSION 1
| #define INTEL_DRIVER_PRE_VERSION 0
| #define STDC_HEADERS 1
| #define HAVE_SYS_TYPES_H 1
| #define HAVE_SYS_STAT_H 1
| #define HAVE_STDLIB_H 1
| #define HAVE_STRING_H 1
| #define HAVE_MEMORY_H 1
| #define HAVE_STRINGS_H 1
| #define HAVE_INTTYPES_H 1
| #define HAVE_STDINT_H 1
| #define HAVE_UNISTD_H 1
| #define HAVE_DLFCN_H 1
| #define LT_OBJDIR ".libs/"
| /* end confdefs.h.  */
| #ifndef __APPLE_CC__
| 	       not a universal capable compiler
| 	     #endif
| 	     typedef int dummy;
| 
configure:12542: gcc -c -g -O2  conftest.c >&5
configure:12542: $? = 0
configure:12560: gcc -c -g -O2  conftest.c >&5
conftest.c: In function 'main':
conftest.c:34:4: error: unknown type name 'not'
    not big endian
    ^
conftest.c:34:12: error: expected '=', ',', ';', 'asm' or '__attribute__' before 'endian'
    not big endian
            ^
configure:12560: $? = 1
configure: failed program was:
| /* confdefs.h */
| #define PACKAGE_NAME "intel_driver"
| #define PACKAGE_TARNAME "libva-intel-driver"
| #define PACKAGE_VERSION "0.0.1"
| #define PACKAGE_STRING "intel_driver 0.0.1"
| #define PACKAGE_BUGREPORT "midhunchandra.kodiyath@intel.com"
| #define PACKAGE_URL ""
| #define PACKAGE "libva-intel-driver"
| #define VERSION "0.0.1"
| #define INTEL_DRIVER_MAJOR_VERSION 0
| #define INTEL_DRIVER_MINOR_VERSION 0
| #define INTEL_DRIVER_MICRO_VERSION 1
| #define INTEL_DRIVER_PRE_VERSION 0
| #define STDC_HEADERS 1
| #define HAVE_SYS_TYPES_H 1
| #define HAVE_SYS_STAT_H 1
| #define HAVE_STDLIB_H 1
| #define HAVE_STRING_H 1
| #define HAVE_MEMORY_H 1
| #define HAVE_STRINGS_H 1
| #define HAVE_INTTYPES_H 1
| #define HAVE_STDINT_H 1
| #define HAVE_UNISTD_H 1
| #define HAVE_DLFCN_H 1
| #define LT_OBJDIR ".libs/"
| /* end confdefs.h.  */
| #include <sys/types.h>
| 		#include <sys/param.h>
| 
| int
| main ()
| {
| #if BYTE_ORDER != BIG_ENDIAN
| 		 not big endian
| 		#endif
| 
|   ;
|   return 0;
| }
configure:12688: result: no
configure:12706: checking for ANSI C header files
configure:12810: result: yes
configure:12825: checking for special C compiler options needed for large files
configure:12870: result: no
configure:12876: checking for _FILE_OFFSET_BITS value needed for large files
configure:12901: gcc -c -g -O2  conftest.c >&5
configure:12901: $? = 0
configure:12933: result: no
configure:13018: checking for sin in -lm
configure:13043: gcc -o conftest -g -O2   conftest.c -lm   >&5
conftest.c:35:6: warning: conflicting types for built-in function 'sin' [enabled by default]
 char sin ();
      ^
configure:13043: $? = 0
configure:13052: result: yes
configure:13065: checking for log2f
configure:13065: gcc -o conftest -g -O2   conftest.c -lm  >&5
conftest.c:52:6: warning: conflicting types for built-in function 'log2f' [enabled by default]
 char log2f ();
      ^
configure:13065: $? = 0
configure:13065: result: yes
configure:13133: checking for pkg-config
configure:13151: found /usr/bin/pkg-config
configure:13163: result: /usr/bin/pkg-config
configure:13188: checking pkg-config is at least version 0.9.0
configure:13191: result: yes
configure:13201: checking for DRM
configure:13208: $PKG_CONFIG --exists --print-errors "libdrm >= $LIBDRM_VERSION"
configure:13211: $? = 0
configure:13225: $PKG_CONFIG --exists --print-errors "libdrm >= $LIBDRM_VERSION"
configure:13228: $? = 0
configure:13286: result: yes
configure:13294: checking for GEN4ASM
configure:13301: $PKG_CONFIG --exists --print-errors "intel-gen4asm >= 1.3"
Package intel-gen4asm was not found in the pkg-config search path.
Perhaps you should add the directory containing `intel-gen4asm.pc'
to the PKG_CONFIG_PATH environment variable
No package 'intel-gen4asm' found
configure:13304: $? = 1
configure:13318: $PKG_CONFIG --exists --print-errors "intel-gen4asm >= 1.3"
Package intel-gen4asm was not found in the pkg-config search path.
Perhaps you should add the directory containing `intel-gen4asm.pc'
to the PKG_CONFIG_PATH environment variable
No package 'intel-gen4asm' found
configure:13321: $? = 1
configure:13335: result: no
No package 'intel-gen4asm' found
configure:13373: checking for intel-gen4asm
configure:13406: result: no
configure:13414: checking for LIBVA_DEPS
configure:13421: $PKG_CONFIG --exists --print-errors "libva >= 0.34"
configure:13424: $? = 0
configure:13438: $PKG_CONFIG --exists --print-errors "libva >= 0.34"
configure:13441: $? = 0
configure:13499: result: yes
configure:13508: checking for LIBVA_DRM_DEPS
configure:13515: $PKG_CONFIG --exists --print-errors "libva-drm"
configure:13518: $? = 0
configure:13532: $PKG_CONFIG --exists --print-errors "libva-drm"
configure:13535: $? = 0
configure:13573: result: yes
configure:13586: checking drm_fourcc.h usability
configure:13586: gcc -c -g -O2  -I/usr/include/libdrm   conftest.c >&5
configure:13586: $? = 0
configure:13586: result: yes
configure:13586: checking drm_fourcc.h presence
configure:13586: gcc -E  -I/usr/include/libdrm   conftest.c
configure:13586: $? = 0
configure:13586: result: yes
configure:13586: checking for drm_fourcc.h
configure:13586: result: yes
configure:13631: checking for LIBVA_X11_DEPS
configure:13638: $PKG_CONFIG --exists --print-errors "libva-x11"
configure:13641: $? = 0
configure:13655: $PKG_CONFIG --exists --print-errors "libva-x11"
configure:13658: $? = 0
configure:13696: result: yes
configure:13712: checking for VA drivers path
configure:13718: result: /usr/local/lib/dri
configure:13731: checking for EGL
configure:13738: $PKG_CONFIG --exists --print-errors "egl"
Package egl was not found in the pkg-config search path.
Perhaps you should add the directory containing `egl.pc'
to the PKG_CONFIG_PATH environment variable
No package 'egl' found
configure:13741: $? = 1
configure:13755: $PKG_CONFIG --exists --print-errors "egl"
Package egl was not found in the pkg-config search path.
Perhaps you should add the directory containing `egl.pc'
to the PKG_CONFIG_PATH environment variable
No package 'egl' found
configure:13758: $? = 1
configure:13772: result: no
No package 'egl' found
configure:13806: checking EGL/egl.h usability
configure:13806: gcc -c -g -O2   conftest.c >&5
conftest.c:67:21: fatal error: EGL/egl.h: No such file or directory
 #include <EGL/egl.h>
                     ^
compilation terminated.
configure:13806: $? = 1
configure: failed program was:
| /* confdefs.h */
| #define PACKAGE_NAME "intel_driver"
| #define PACKAGE_TARNAME "libva-intel-driver"
| #define PACKAGE_VERSION "0.0.1"
| #define PACKAGE_STRING "intel_driver 0.0.1"
| #define PACKAGE_BUGREPORT "midhunchandra.kodiyath@intel.com"
| #define PACKAGE_URL ""
| #define PACKAGE "libva-intel-driver"
| #define VERSION "0.0.1"
| #define INTEL_DRIVER_MAJOR_VERSION 0
| #define INTEL_DRIVER_MINOR_VERSION 0
| #define INTEL_DRIVER_MICRO_VERSION 1
| #define INTEL_DRIVER_PRE_VERSION 0
| #define STDC_HEADERS 1
| #define HAVE_SYS_TYPES_H 1
| #define HAVE_SYS_STAT_H 1
| #define HAVE_STDLIB_H 1
| #define HAVE_STRING_H 1
| #define HAVE_MEMORY_H 1
| #define HAVE_STRINGS_H 1
| #define HAVE_INTTYPES_H 1
| #define HAVE_STDINT_H 1
| #define HAVE_UNISTD_H 1
| #define HAVE_DLFCN_H 1
| #define LT_OBJDIR ".libs/"
| #define STDC_HEADERS 1
| #define HAVE_LIBM 1
| #define HAVE_LOG2F 1
| #define HAVE_VA_DRM 1
| #define HAVE_DRM_FOURCC_H 1
| #define VA_DRIVER_INIT_FUNC __vaDriverInit_0_35
| #define HAVE_VA_X11 1
| /* end confdefs.h.  */
| #include <stdio.h>
| #ifdef HAVE_SYS_TYPES_H
| # include <sys/types.h>
| #endif
| #ifdef HAVE_SYS_STAT_H
| # include <sys/stat.h>
| #endif
| #ifdef STDC_HEADERS
| # include <stdlib.h>
| # include <stddef.h>
| #else
| # ifdef HAVE_STDLIB_H
| #  include <stdlib.h>
| # endif
| #endif
| #ifdef HAVE_STRING_H
| # if !defined STDC_HEADERS && defined HAVE_MEMORY_H
| #  include <memory.h>
| # endif
| # include <string.h>
| #endif
| #ifdef HAVE_STRINGS_H
| # include <strings.h>
| #endif
| #ifdef HAVE_INTTYPES_H
| # include <inttypes.h>
| #endif
| #ifdef HAVE_STDINT_H
| # include <stdint.h>
| #endif
| #ifdef HAVE_UNISTD_H
| # include <unistd.h>
| #endif
| #include <EGL/egl.h>
configure:13806: result: no
configure:13806: checking EGL/egl.h presence
configure:13806: gcc -E   conftest.c
conftest.c:34:21: fatal error: EGL/egl.h: No such file or directory
 #include <EGL/egl.h>
                     ^
compilation terminated.
configure:13806: $? = 1
configure: failed program was:
| /* confdefs.h */
| #define PACKAGE_NAME "intel_driver"
| #define PACKAGE_TARNAME "libva-intel-driver"
| #define PACKAGE_VERSION "0.0.1"
| #define PACKAGE_STRING "intel_driver 0.0.1"
| #define PACKAGE_BUGREPORT "midhunchandra.kodiyath@intel.com"
| #define PACKAGE_URL ""
| #define PACKAGE "libva-intel-driver"
| #define VERSION "0.0.1"
| #define INTEL_DRIVER_MAJOR_VERSION 0
| #define INTEL_DRIVER_MINOR_VERSION 0
| #define INTEL_DRIVER_MICRO_VERSION 1
| #define INTEL_DRIVER_PRE_VERSION 0
| #define STDC_HEADERS 1
| #define HAVE_SYS_TYPES_H 1
| #define HAVE_SYS_STAT_H 1
| #define HAVE_STDLIB_H 1
| #define HAVE_STRING_H 1
| #define HAVE_MEMORY_H 1
| #define HAVE_STRINGS_H 1
| #define HAVE_INTTYPES_H 1
| #define HAVE_STDINT_H 1
| #define HAVE_UNISTD_H 1
| #define HAVE_DLFCN_H 1
| #define LT_OBJDIR ".libs/"
| #define STDC_HEADERS 1
| #define HAVE_LIBM 1
| #define HAVE_LOG2F 1
| #define HAVE_VA_DRM 1
| #define HAVE_DRM_FOURCC_H 1
| #define VA_DRIVER_INIT_FUNC __vaDriverInit_0_35
| #define HAVE_VA_X11 1
| /* end confdefs.h.  */
| #include <EGL/egl.h>
configure:13806: result: no
configure:13806: checking for EGL/egl.h
configure:13806: result: no
configure:13818: checking for eglGetDisplay in -lEGL
configure:13843: gcc -o conftest -g -O2    conftest.c -lEGL  -lm   >&5
/usr/bin/ld: cannot find -lEGL
collect2: error: ld returned 1 exit status
configure:13843: $? = 1
configure: failed program was:
| /* confdefs.h */
| #define PACKAGE_NAME "intel_driver"
| #define PACKAGE_TARNAME "libva-intel-driver"
| #define PACKAGE_VERSION "0.0.1"
| #define PACKAGE_STRING "intel_driver 0.0.1"
| #define PACKAGE_BUGREPORT "midhunchandra.kodiyath@intel.com"
| #define PACKAGE_URL ""
| #define PACKAGE "libva-intel-driver"
| #define VERSION "0.0.1"
| #define INTEL_DRIVER_MAJOR_VERSION 0
| #define INTEL_DRIVER_MINOR_VERSION 0
| #define INTEL_DRIVER_MICRO_VERSION 1
| #define INTEL_DRIVER_PRE_VERSION 0
| #define STDC_HEADERS 1
| #define HAVE_SYS_TYPES_H 1
| #define HAVE_SYS_STAT_H 1
| #define HAVE_STDLIB_H 1
| #define HAVE_STRING_H 1
| #define HAVE_MEMORY_H 1
| #define HAVE_STRINGS_H 1
| #define HAVE_INTTYPES_H 1
| #define HAVE_STDINT_H 1
| #define HAVE_UNISTD_H 1
| #define HAVE_DLFCN_H 1
| #define LT_OBJDIR ".libs/"
| #define STDC_HEADERS 1
| #define HAVE_LIBM 1
| #define HAVE_LOG2F 1
| #define HAVE_VA_DRM 1
| #define HAVE_DRM_FOURCC_H 1
| #define VA_DRIVER_INIT_FUNC __vaDriverInit_0_35
| #define HAVE_VA_X11 1
| /* end confdefs.h.  */
| 
| /* Override any GCC internal prototype to avoid an error.
|    Use char because int might match the return type of a GCC
|    builtin and then its argument prototype would still apply.  */
| #ifdef __cplusplus
| extern "C"
| #endif
| char eglGetDisplay ();
| int
| main ()
| {
| return eglGetDisplay ();
|   ;
|   return 0;
| }
configure:13852: result: no
configure:13877: checking for WAYLAND
configure:13884: $PKG_CONFIG --exists --print-errors "wayland-client"
configure:13887: $? = 0
configure:13901: $PKG_CONFIG --exists --print-errors "wayland-client"
configure:13904: $? = 0
configure:13942: result: yes
configure:13948: checking for LIBVA_WAYLAND_DEPS
configure:13955: $PKG_CONFIG --exists --print-errors "libva-wayland"
configure:13958: $? = 0
configure:13972: $PKG_CONFIG --exists --print-errors "libva-wayland"
configure:13975: $? = 0
configure:14013: result: yes
configure:14084: checking for pkg-config
configure:14114: result: /usr/bin/pkg-config
configure:14139: checking pkg-config is at least version 0.9.0
configure:14142: result: yes
configure:14153: checking for WAYLAND_SCANNER
configure:14160: $PKG_CONFIG --exists --print-errors "wayland-scanner"
configure:14163: $? = 0
configure:14177: $PKG_CONFIG --exists --print-errors "wayland-scanner"
configure:14180: $? = 0
configure:14238: result: yes
configure:14364: checking that generated files are newer than configure
configure:14370: result: done
configure:14418: creating ./config.status

## ---------------------- ##
## Running config.status. ##
## ---------------------- ##

This file was extended by intel_driver config.status 0.0.1, which was
generated by GNU Autoconf 2.69.  Invocation command line was

  CONFIG_FILES    = 
  CONFIG_HEADERS  = 
  CONFIG_LINKS    = 
  CONFIG_COMMANDS = 
  $ ./config.status 

on midhun-chromebook

config.status:1158: creating Makefile
config.status:1158: creating debian.upstream/Makefile
config.status:1158: creating src/Makefile
config.status:1158: creating src/config.h
config.status:1344: src/config.h is unchanged
config.status:1392: executing depfiles commands
config.status:1392: executing libtool commands

## ---------------- ##
## Cache variables. ##
## ---------------- ##

ac_cv_build=x86_64-unknown-linux-gnu
ac_cv_c_bigendian=no
ac_cv_c_compiler_gnu=yes
ac_cv_env_CC_set=
ac_cv_env_CC_value=
ac_cv_env_CFLAGS_set=
ac_cv_env_CFLAGS_value=
ac_cv_env_CPPFLAGS_set=
ac_cv_env_CPPFLAGS_value=
ac_cv_env_CPP_set=
ac_cv_env_CPP_value=
ac_cv_env_DRM_CFLAGS_set=
ac_cv_env_DRM_CFLAGS_value=
ac_cv_env_DRM_LIBS_set=
ac_cv_env_DRM_LIBS_value=
ac_cv_env_EGL_CFLAGS_set=
ac_cv_env_EGL_CFLAGS_value=
ac_cv_env_EGL_LIBS_set=
ac_cv_env_EGL_LIBS_value=
ac_cv_env_GEN4ASM_CFLAGS_set=
ac_cv_env_GEN4ASM_CFLAGS_value=
ac_cv_env_GEN4ASM_LIBS_set=
ac_cv_env_GEN4ASM_LIBS_value=
ac_cv_env_LDFLAGS_set=
ac_cv_env_LDFLAGS_value=
ac_cv_env_LIBS_set=
ac_cv_env_LIBS_value=
ac_cv_env_LIBVA_DEPS_CFLAGS_set=
ac_cv_env_LIBVA_DEPS_CFLAGS_value=
ac_cv_env_LIBVA_DEPS_LIBS_set=
ac_cv_env_LIBVA_DEPS_LIBS_value=
ac_cv_env_LIBVA_DRM_DEPS_CFLAGS_set=
ac_cv_env_LIBVA_DRM_DEPS_CFLAGS_value=
ac_cv_env_LIBVA_DRM_DEPS_LIBS_set=
ac_cv_env_LIBVA_DRM_DEPS_LIBS_value=
ac_cv_env_LIBVA_WAYLAND_DEPS_CFLAGS_set=
ac_cv_env_LIBVA_WAYLAND_DEPS_CFLAGS_value=
ac_cv_env_LIBVA_WAYLAND_DEPS_LIBS_set=
ac_cv_env_LIBVA_WAYLAND_DEPS_LIBS_value=
ac_cv_env_LIBVA_X11_DEPS_CFLAGS_set=
ac_cv_env_LIBVA_X11_DEPS_CFLAGS_value=
ac_cv_env_LIBVA_X11_DEPS_LIBS_set=
ac_cv_env_LIBVA_X11_DEPS_LIBS_value=
ac_cv_env_PKG_CONFIG_LIBDIR_set=
ac_cv_env_PKG_CONFIG_LIBDIR_value=
ac_cv_env_PKG_CONFIG_PATH_set=
ac_cv_env_PKG_CONFIG_PATH_value=
ac_cv_env_PKG_CONFIG_set=
ac_cv_env_PKG_CONFIG_value=
ac_cv_env_WAYLAND_CFLAGS_set=
ac_cv_env_WAYLAND_CFLAGS_value=
ac_cv_env_WAYLAND_LIBS_set=
ac_cv_env_WAYLAND_LIBS_value=
ac_cv_env_WAYLAND_SCANNER_CFLAGS_set=
ac_cv_env_WAYLAND_SCANNER_CFLAGS_value=
ac_cv_env_WAYLAND_SCANNER_LIBS_set=
ac_cv_env_WAYLAND_SCANNER_LIBS_value=
ac_cv_env_build_alias_set=
ac_cv_env_build_alias_value=
ac_cv_env_host_alias_set=
ac_cv_env_host_alias_value=
ac_cv_env_target_alias_set=
ac_cv_env_target_alias_value=
ac_cv_func_log2f=yes
ac_cv_header_EGL_egl_h=no
ac_cv_header_dlfcn_h=yes
ac_cv_header_drm_fourcc_h=yes
ac_cv_header_inttypes_h=yes
ac_cv_header_memory_h=yes
ac_cv_header_stdc=yes
ac_cv_header_stdint_h=yes
ac_cv_header_stdlib_h=yes
ac_cv_header_string_h=yes
ac_cv_header_strings_h=yes
ac_cv_header_sys_stat_h=yes
ac_cv_header_sys_types_h=yes
ac_cv_header_unistd_h=yes
ac_cv_host=x86_64-unknown-linux-gnu
ac_cv_lib_EGL_eglGetDisplay=no
ac_cv_lib_m_sin=yes
ac_cv_objext=o
ac_cv_path_EGREP='/bin/grep -E'
ac_cv_path_FGREP='/bin/grep -F'
ac_cv_path_GREP=/bin/grep
ac_cv_path_SED=/bin/sed
ac_cv_path_ac_pt_PKG_CONFIG=/usr/bin/pkg-config
ac_cv_path_install='/usr/bin/install -c'
ac_cv_path_mkdir=/bin/mkdir
ac_cv_prog_AWK=mawk
ac_cv_prog_CPP='gcc -E'
ac_cv_prog_ac_ct_AR=ar
ac_cv_prog_ac_ct_CC=gcc
ac_cv_prog_ac_ct_MANIFEST_TOOL=mt
ac_cv_prog_ac_ct_OBJDUMP=objdump
ac_cv_prog_ac_ct_RANLIB=ranlib
ac_cv_prog_ac_ct_STRIP=strip
ac_cv_prog_cc_c89=
ac_cv_prog_cc_g=yes
ac_cv_prog_make_make_set=yes
ac_cv_sys_file_offset_bits=no
ac_cv_sys_largefile_CC=no
am_cv_CC_dependencies_compiler_type=gcc3
am_cv_make_support_nested_variables=yes
am_cv_prog_cc_c_o=yes
am_cv_prog_tar_ustar=gnutar
lt_cv_ar_at_file=@
lt_cv_archive_cmds_need_lc=no
lt_cv_deplibs_check_method=pass_all
lt_cv_file_magic_cmd='$MAGIC_CMD'
lt_cv_file_magic_test_file=
lt_cv_ld_reload_flag=-r
lt_cv_nm_interface='BSD nm'
lt_cv_objdir=.libs
lt_cv_path_LD=/usr/bin/ld
lt_cv_path_NM='/usr/bin/nm -B'
lt_cv_path_mainfest_tool=no
lt_cv_prog_compiler_c_o=yes
lt_cv_prog_compiler_pic='-fPIC -DPIC'
lt_cv_prog_compiler_pic_works=yes
lt_cv_prog_compiler_rtti_exceptions=no
lt_cv_prog_compiler_static_works=yes
lt_cv_prog_gnu_ld=yes
lt_cv_sharedlib_from_linklib_cmd='printf %s\n'
lt_cv_shlibpath_overrides_runpath=no
lt_cv_sys_global_symbol_pipe='sed -n -e '\''s/^.*[	 ]\([ABCDGIRSTW][ABCDGIRSTW]*\)[	 ][	 ]*\([_A-Za-z][_A-Za-z0-9]*\)$/\1 \2 \2/p'\'' | sed '\''/ __gnu_lto/d'\'''
lt_cv_sys_global_symbol_to_c_name_address='sed -n -e '\''s/^: \([^ ]*\)[ ]*$/  {\"\1\", (void *) 0},/p'\'' -e '\''s/^[ABCDGIRSTW]* \([^ ]*\) \([^ ]*\)$/  {"\2", (void *) \&\2},/p'\'''
lt_cv_sys_global_symbol_to_c_name_address_lib_prefix='sed -n -e '\''s/^: \([^ ]*\)[ ]*$/  {\"\1\", (void *) 0},/p'\'' -e '\''s/^[ABCDGIRSTW]* \([^ ]*\) \(lib[^ ]*\)$/  {"\2", (void *) \&\2},/p'\'' -e '\''s/^[ABCDGIRSTW]* \([^ ]*\) \([^ ]*\)$/  {"lib\2", (void *) \&\2},/p'\'''
lt_cv_sys_global_symbol_to_cdecl='sed -n -e '\''s/^T .* \(.*\)$/extern int \1();/p'\'' -e '\''s/^[ABCDGIRSTW]* .* \(.*\)$/extern char \1;/p'\'''
lt_cv_sys_max_cmd_len=1572864
lt_cv_to_host_file_cmd=func_convert_file_noop
lt_cv_to_tool_file_cmd=func_convert_file_noop
pkg_cv_DRM_CFLAGS='-I/usr/include/libdrm  '
pkg_cv_DRM_LIBS='-ldrm  '
pkg_cv_LIBVA_DEPS_CFLAGS='-I/usr/local/include  '
pkg_cv_LIBVA_DEPS_LIBS='-L/usr/local/lib -lva  '
pkg_cv_LIBVA_DRM_DEPS_CFLAGS='-I/usr/local/include  '
pkg_cv_LIBVA_DRM_DEPS_LIBS='-L/usr/local/lib -lva-drm -lva  '
pkg_cv_LIBVA_WAYLAND_DEPS_CFLAGS='-I/usr/local/include  '
pkg_cv_LIBVA_WAYLAND_DEPS_LIBS='-L/usr/local/lib -lva-wayland -lva -lwayland-client  '
pkg_cv_LIBVA_X11_DEPS_CFLAGS='-I/usr/local/include  '
pkg_cv_LIBVA_X11_DEPS_LIBS='-L/usr/local/lib -lva-x11 -lva  '
pkg_cv_WAYLAND_CFLAGS=' '
pkg_cv_WAYLAND_LIBS='-lwayland-client  '
pkg_cv_WAYLAND_SCANNER_CFLAGS=' '
pkg_cv_WAYLAND_SCANNER_LIBS=' '

## ----------------- ##
## Output variables. ##
## ----------------- ##

ACLOCAL='${SHELL} /home/midhun/midhun_work/build_work/release/intel_hybrid-driver/missing aclocal-1.14'
AMDEPBACKSLASH='\'
AMDEP_FALSE='#'
AMDEP_TRUE=''
AMTAR='$${TAR-tar}'
AM_BACKSLASH='\'
AM_DEFAULT_V='$(AM_DEFAULT_VERBOSITY)'
AM_DEFAULT_VERBOSITY='0'
AM_V='$(V)'
AR='ar'
AUTOCONF='${SHELL} /home/midhun/midhun_work/build_work/release/intel_hybrid-driver/missing autoconf'
AUTOHEADER='${SHELL} /home/midhun/midhun_work/build_work/release/intel_hybrid-driver/missing autoheader'
AUTOMAKE='${SHELL} /home/midhun/midhun_work/build_work/release/intel_hybrid-driver/missing automake-1.14'
AWK='mawk'
CC='gcc'
CCDEPMODE='depmode=gcc3'
CFLAGS='-g -O2'
CPP='gcc -E'
CPPFLAGS=''
CYGPATH_W='echo'
DEFS='-DHAVE_CONFIG_H'
DEPDIR='.deps'
DLLTOOL='false'
DRM_CFLAGS='-I/usr/include/libdrm  '
DRM_LIBS='-ldrm  '
DSYMUTIL=''
DUMPBIN=''
ECHO_C=''
ECHO_N='-n'
ECHO_T=''
EGL_CFLAGS=''
EGL_LIBS=''
EGREP='/bin/grep -E'
EXEEXT=''
FGREP='/bin/grep -F'
GEN4ASM=''
GEN4ASM_CFLAGS=''
GEN4ASM_LIBS=''
GREP='/bin/grep'
HAVE_GEN4ASM_FALSE=''
HAVE_GEN4ASM_TRUE='#'
INSTALL_DATA='${INSTALL} -m 644'
INSTALL_PROGRAM='${INSTALL}'
INSTALL_SCRIPT='${INSTALL}'
INSTALL_STRIP_PROGRAM='$(install_sh) -c -s'
INTEL_DRIVER_LT_LDFLAGS='-avoid-version'
LD='/usr/bin/ld -m elf_x86_64'
LDFLAGS=''
LIBDRM_VERSION='2.4.23'
LIBOBJS=''
LIBS='-lm '
LIBTOOL='$(SHELL) $(top_builddir)/libtool'
LIBVA_DEPS_CFLAGS='-I/usr/local/include  '
LIBVA_DEPS_LIBS='-L/usr/local/lib -lva  '
LIBVA_DRIVERS_PATH='/usr/local/lib/dri'
LIBVA_DRM_DEPS_CFLAGS='-I/usr/local/include  '
LIBVA_DRM_DEPS_LIBS='-L/usr/local/lib -lva-drm -lva  '
LIBVA_PACKAGE_VERSION='1.2.0'
LIBVA_WAYLAND_DEPS_CFLAGS='-I/usr/local/include  '
LIBVA_WAYLAND_DEPS_LIBS='-L/usr/local/lib -lva-wayland -lva -lwayland-client  '
LIBVA_X11_DEPS_CFLAGS='-I/usr/local/include  '
LIBVA_X11_DEPS_LIBS='-L/usr/local/lib -lva-x11 -lva  '
LIPO=''
LN_S='ln -s'
LTLIBOBJS=''
MAKEINFO='${SHELL} /home/midhun/midhun_work/build_work/release/intel_hybrid-driver/missing makeinfo'
MANIFEST_TOOL=':'
MKDIR_P='/bin/mkdir -p'
NM='/usr/bin/nm -B'
NMEDIT=''
OBJDUMP='objdump'
OBJEXT='o'
OTOOL64=''
OTOOL=''
PACKAGE='libva-intel-driver'
PACKAGE_BUGREPORT='midhunchandra.kodiyath@intel.com'
PACKAGE_NAME='intel_driver'
PACKAGE_STRING='intel_driver 0.0.1'
PACKAGE_TARNAME='libva-intel-driver'
PACKAGE_URL=''
PACKAGE_VERSION='0.0.1'
PATH_SEPARATOR=':'
PKG_CONFIG='/usr/bin/pkg-config'
PKG_CONFIG_LIBDIR=''
PKG_CONFIG_PATH=''
RANLIB='ranlib'
SED='/bin/sed'
SET_MAKE=''
SHELL='/bin/bash'
STRIP='strip'
USE_DRM_FALSE='#'
USE_DRM_TRUE=''
USE_EGL_FALSE=''
USE_EGL_TRUE='#'
USE_WAYLAND_FALSE='#'
USE_WAYLAND_TRUE=''
USE_X11_FALSE='#'
USE_X11_TRUE=''
VERSION='0.0.1'
WAYLAND_CFLAGS=' '
WAYLAND_LIBS='-lwayland-client  '
WAYLAND_SCANNER_CFLAGS=' '
WAYLAND_SCANNER_LIBS=' '
ac_ct_AR='ar'
ac_ct_CC='gcc'
ac_ct_DUMPBIN=''
am__EXEEXT_FALSE=''
am__EXEEXT_TRUE='#'
am__fastdepCC_FALSE='#'
am__fastdepCC_TRUE=''
am__include='include'
am__isrc=''
am__leading_dot='.'
am__nodep='_no'
am__quote=''
am__tar='tar --format=ustar -chf - "$$tardir"'
am__untar='tar -xf -'
bindir='${exec_prefix}/bin'
build='x86_64-unknown-linux-gnu'
build_alias=''
build_cpu='x86_64'
build_os='linux-gnu'
build_vendor='unknown'
datadir='${datarootdir}'
datarootdir='${prefix}/share'
docdir='${datarootdir}/doc/${PACKAGE_TARNAME}'
dvidir='${docdir}'
exec_prefix='${prefix}'
host='x86_64-unknown-linux-gnu'
host_alias=''
host_cpu='x86_64'
host_os='linux-gnu'
host_vendor='unknown'
htmldir='${docdir}'
includedir='${prefix}/include'
infodir='${datarootdir}/info'
install_sh='${SHELL} /home/midhun/midhun_work/build_work/release/intel_hybrid-driver/install-sh'
libdir='${exec_prefix}/lib'
libexecdir='${exec_prefix}/libexec'
localedir='${datarootdir}/locale'
localstatedir='${prefix}/var'
mandir='${datarootdir}/man'
mkdir_p='$(MKDIR_P)'
oldincludedir='/usr/include'
pdfdir='${docdir}'
prefix='/usr/local'
program_transform_name='s,x,x,'
psdir='${docdir}'
sbindir='${exec_prefix}/sbin'
sharedstatedir='${prefix}/com'
sysconfdir='${prefix}/etc'
target_alias=''
wayland_protocoldir='$(top_srcdir)/src/wayland'
wayland_scanner='/usr/bin/wayland-scanner'

## ------------------- ##
## File substitutions. ##
## ------------------- ##

wayland_scanner_rules='/usr/share/wayland/wayland-scanner.mk'

## ----------- ##
## confdefs.h. ##
## ----------- ##

/* confdefs.h */
#define PACKAGE_NAME "intel_driver"
#define PACKAGE_TARNAME "libva-intel-driver"
#define PACKAGE_VERSION "0.0.1"
#define PACKAGE_STRING "intel_driver 0.0.1"
#define PACKAGE_BUGREPORT "midhunchandra.kodiyath@intel.com"
#define PACKAGE_URL ""
#define PACKAGE "libva-intel-driver"
#define VERSION "0.0.1"
#define INTEL_DRIVER_MAJOR_VERSION 0
#define INTEL_DRIVER_MINOR_VERSION 0
#define INTEL_DRIVER_MICRO_VERSION 1
#define INTEL_DRIVER_PRE_VERSION 0
#define STDC_HEADERS 1
#define HAVE_SYS_TYPES_H 1
#define HAVE_SYS_STAT_H 1
#define HAVE_STDLIB_H 1
#define HAVE_STRING_H 1
#define HAVE_MEMORY_H 1
#define HAVE_STRINGS_H 1
#define HAVE_INTTYPES_H 1
#define HAVE_STDINT_H 1
#define HAVE_UNISTD_H 1
#define HAVE_DLFCN_H 1
#define LT_OBJDIR ".libs/"
#define STDC_HEADERS 1
#define HAVE_LIBM 1
#define HAVE_LOG2F 1
#define HAVE_VA_DRM 1
#define HAVE_DRM_FOURCC_H 1
#define VA_DRIVER_INIT_FUNC __vaDriverInit_0_35
#define HAVE_VA_X11 1
#define HAVE_VA_WAYLAND 1

configure: exit 0
